c:\users\nakam\desktop\parsetest\antlr_sample\calculator\release\calculator.ipdb
c:\users\nakam\desktop\parsetest\antlr_sample\calculator\release\calculator.iobj
c:\users\nakam\desktop\parsetest\antlr_sample\calculator\calculator.cpp\release\vc142.pdb
c:\users\nakam\desktop\parsetest\antlr_sample\calculator\calculator.cpp\release\expressionvisitor.obj
c:\users\nakam\desktop\parsetest\antlr_sample\calculator\calculator.cpp\release\expressionparser.obj
c:\users\nakam\desktop\parsetest\antlr_sample\calculator\calculator.cpp\release\expressionlistener.obj
c:\users\nakam\desktop\parsetest\antlr_sample\calculator\calculator.cpp\release\expressionlexer.obj
c:\users\nakam\desktop\parsetest\antlr_sample\calculator\calculator.cpp\release\expressionbasevisitor.obj
c:\users\nakam\desktop\parsetest\antlr_sample\calculator\calculator.cpp\release\expressionbaselistener.obj
c:\users\nakam\desktop\parsetest\antlr_sample\calculator\release\antlr4-runtime.dll
c:\users\nakam\desktop\parsetest\antlr_sample\calculator\release\calculator.exe
c:\users\nakam\desktop\parsetest\antlr_sample\calculator\release\calculator.pdb
c:\users\nakam\desktop\parsetest\antlr_sample\calculator\calculator.cpp\release\calculator.tlog\calculator.write.1u.tlog
c:\users\nakam\desktop\parsetest\antlr_sample\calculator\calculator.cpp\release\calculator.tlog\cl.command.1.tlog
c:\users\nakam\desktop\parsetest\antlr_sample\calculator\calculator.cpp\release\calculator.tlog\cl.read.1.tlog
c:\users\nakam\desktop\parsetest\antlr_sample\calculator\calculator.cpp\release\calculator.tlog\cl.write.1.tlog
c:\users\nakam\desktop\parsetest\antlr_sample\calculator\calculator.cpp\release\calculator.tlog\copyfile.command.1.tlog
c:\users\nakam\desktop\parsetest\antlr_sample\calculator\calculator.cpp\release\calculator.tlog\copyfile.read.1.tlog
c:\users\nakam\desktop\parsetest\antlr_sample\calculator\calculator.cpp\release\calculator.tlog\copyfile.write.1.tlog
c:\users\nakam\desktop\parsetest\antlr_sample\calculator\calculator.cpp\release\calculator.tlog\link.command.1.tlog
c:\users\nakam\desktop\parsetest\antlr_sample\calculator\calculator.cpp\release\calculator.tlog\link.delete.1.tlog
c:\users\nakam\desktop\parsetest\antlr_sample\calculator\calculator.cpp\release\calculator.tlog\link.read.1.tlog
c:\users\nakam\desktop\parsetest\antlr_sample\calculator\calculator.cpp\release\calculator.tlog\link.write.1.tlog
